<?xml version="1.0" encoding="UTF-8"?>
<!-- Generated by org.testng.reporters.JUnitXMLReporter -->
<testsuite ignored="0" hostname="DESKTOP-8R9TJ4L" failures="0" tests="3" name="Functional Testing" time="0.755" errors="0" timestamp="21 Jun 2021 11:13:16 GMT">
  <testcase classname="com.qa.medplus.Medplus_Testbase" name="@BeforeClass setup" time="0.043">
    <failure type="java.lang.IllegalStateException" message="The driver executable does not exist: D:\Testing Drivers\Chrome_Driver\chromedriver.exe&amp;quot;">
      <![CDATA[java.lang.IllegalStateException: The driver executable does not exist: D:\Testing Drivers\Chrome_Driver\chromedriver.exe"
at com.google.common.base.Preconditions.checkState(Preconditions.java:585)
at org.openqa.selenium.remote.service.DriverService.checkExecutable(DriverService.java:146)
at org.openqa.selenium.remote.service.DriverService.findExecutable(DriverService.java:141)
at org.openqa.selenium.chrome.ChromeDriverService.access$000(ChromeDriverService.java:35)
at org.openqa.selenium.chrome.ChromeDriverService$Builder.findDefaultExecutable(ChromeDriverService.java:159)
at org.openqa.selenium.remote.service.DriverService$Builder.build(DriverService.java:355)
at org.openqa.selenium.chrome.ChromeDriverService.createDefaultService(ChromeDriverService.java:94)
at org.openqa.selenium.chrome.ChromeDriver.<init>(ChromeDriver.java:123)
at com.qa.medplus.Medplus_Testbase.setup(Medplus_Testbase.java:40)
... Removed 26 stack frames]]>
    </failure>
  </testcase> <!-- @BeforeClass setup -->
  <testcase classname="com.qa.medplus.Medplus_Testbase" name="@AfterClass tearDown" time="0.0">
    <skipped/>
  </testcase> <!-- @AfterClass tearDown -->
  <testcase classname="com.qa.medplus.TC_Medplus" name="MedplusLogin" time="0.0">
    <skipped/>
  </testcase> <!-- MedplusLogin -->
  <testcase classname="com.qa.medplus.TC_Medplus" name="MedplusSearch" time="0.0">
    <skipped/>
  </testcase> <!-- MedplusSearch -->
  <testcase classname="com.qa.medplus.TC_Medplus" name="medplussignout" time="0.0">
    <skipped/>
  </testcase> <!-- medplussignout -->
</testsuite> <!-- Functional Testing -->
